#
# There is insufficient memory for the Java Runtime Environment to continue.
# Native memory allocation (malloc) failed to allocate 2019216 bytes. Error detail: Chunk::new
# Possible reasons:
#   The system is out of physical RAM or swap space
#   This process is running with CompressedOops enabled, and the Java Heap may be blocking the growth of the native heap
# Possible solutions:
#   Reduce memory load on the system
#   Increase physical memory or swap space
#   Check if swap backing store is full
#   Decrease Java heap size (-Xmx/-Xms)
#   Decrease number of Java threads
#   Decrease Java thread stack sizes (-Xss)
#   Set larger code cache with -XX:ReservedCodeCacheSize=
#   JVM is running with Unscaled Compressed Oops mode in which the Java heap is
#     placed in the first 4GB address space. The Java Heap base address is the
#     maximum limit for the native heap growth. Please use -XX:HeapBaseMinAddress
#     to set the Java Heap base and to place the Java Heap above 4GB virtual address.
# This output file may be truncated or incomplete.
#
#  Out of Memory Error (arena.cpp:168), pid=15164, tid=23912
#
# JRE version: OpenJDK Runtime Environment (21.0.8) (build 21.0.8+-14196175-b1038.72)
# Java VM: OpenJDK 64-Bit Server VM (21.0.8+-14196175-b1038.72, mixed mode, tiered, compressed oops, compressed class ptrs, g1 gc, windows-amd64)
# No core dump will be written. Minidumps are not enabled by default on client versions of Windows
#

---------------  S U M M A R Y ------------

Command Line: org.jetbrains.kotlin.cli.jvm.K2JVMCompiler @C:\Users\mahav\connect-f\app\build\20260221_18040650667729716877.compiler.options

Host: AMD Ryzen 3 7320U with Radeon Graphics         , 8 cores, 5G,  Windows 11 , 64 bit Build 26100 (10.0.26100.7705)
Time: Sat Feb 21 15:21:53 2026 India Standard Time elapsed time: 103.844421 seconds (0d 0h 1m 43s)

---------------  T H R E A D  ---------------

Current thread (0x0000025499565b20):  JavaThread "C2 CompilerThread0" daemon [_thread_in_native, id=23912, stack(0x000000e72b500000,0x000000e72b600000) (1024K)]


Current CompileTask:
C2:103845 12975       4       org.jetbrains.kotlin.types.checker.NewKotlinTypeCheckerImpl::isSubtypeOf (48 bytes)

Stack: [0x000000e72b500000,0x000000e72b600000]
Native frames: (J=compiled Java code, j=interpreted, Vv=VM code, C=native code)
V  [jvm.dll+0x6d68d9]
V  [jvm.dll+0x866693]
V  [jvm.dll+0x868c4e]
V  [jvm.dll+0x869333]
V  [jvm.dll+0x280566]
V  [jvm.dll+0xc07cd]
V  [jvm.dll+0xc0d03]
V  [jvm.dll+0x3b95e1]
V  [jvm.dll+0x385507]
V  [jvm.dll+0x38497a]
V  [jvm.dll+0x249252]
V  [jvm.dll+0x248821]
V  [jvm.dll+0x1c73a4]
V  [jvm.dll+0x257f9e]
V  [jvm.dll+0x2564e6]
V  [jvm.dll+0x3f4696]
V  [jvm.dll+0x80eac8]
V  [jvm.dll+0x6d512d]
C  [ucrtbase.dll+0x37b0]
C  [KERNEL32.DLL+0x2e8d7]
C  [ntdll.dll+0x8c40c]


---------------  P R O C E S S  ---------------

Threads class SMR info:
_java_thread_list=0x00000254996f46a0, length=11, elements={
0x00000254827b97c0, 0x0000025499535130, 0x00000254995434e0, 0x0000025499543f40,
0x000002549955a540, 0x000002549955afa0, 0x000002549955ba00, 0x000002549955c460,
0x0000025499565b20, 0x00000254995d7910, 0x0000025499714540
}

Java Threads: ( => current thread )
  0x00000254827b97c0 JavaThread "main"                              [_thread_in_Java, id=3340, stack(0x000000e72a600000,0x000000e72a700000) (1024K)]
  0x0000025499535130 JavaThread "Common-Cleaner"             daemon [_thread_blocked, id=23468, stack(0x000000e72ae00000,0x000000e72af00000) (1024K)]
  0x00000254995434e0 JavaThread "Reference Handler"          daemon [_thread_blocked, id=22576, stack(0x000000e72af00000,0x000000e72b000000) (1024K)]
  0x0000025499543f40 JavaThread "Finalizer"                  daemon [_thread_blocked, id=8848, stack(0x000000e72b000000,0x000000e72b100000) (1024K)]
  0x000002549955a540 JavaThread "Signal Dispatcher"          daemon [_thread_blocked, id=14988, stack(0x000000e72b100000,0x000000e72b200000) (1024K)]
  0x000002549955afa0 JavaThread "Attach Listener"            daemon [_thread_blocked, id=4080, stack(0x000000e72b200000,0x000000e72b300000) (1024K)]
  0x000002549955ba00 JavaThread "Service Thread"             daemon [_thread_blocked, id=21036, stack(0x000000e72b300000,0x000000e72b400000) (1024K)]
  0x000002549955c460 JavaThread "Monitor Deflation Thread"   daemon [_thread_blocked, id=26488, stack(0x000000e72b400000,0x000000e72b500000) (1024K)]
=>0x0000025499565b20 JavaThread "C2 CompilerThread0"         daemon [_thread_in_native, id=23912, stack(0x000000e72b500000,0x000000e72b600000) (1024K)]
  0x00000254995d7910 JavaThread "C1 CompilerThread0"         daemon [_thread_blocked, id=7460, stack(0x000000e72b600000,0x000000e72b700000) (1024K)]
  0x0000025499714540 JavaThread "Notification Thread"        daemon [_thread_blocked, id=19564, stack(0x000000e72b700000,0x000000e72b800000) (1024K)]
Total: 11

Other Threads:
  0x000002549939cc40 VMThread "VM Thread"                           [id=24304, stack(0x000000e72ad00000,0x000000e72ae00000) (1024K)]
  0x0000025499339820 WatcherThread "VM Periodic Task Thread"        [id=23348, stack(0x000000e72ac00000,0x000000e72ad00000) (1024K)]
  0x0000025482800560 WorkerThread "GC Thread#0"                     [id=18208, stack(0x000000e72a700000,0x000000e72a800000) (1024K)]
  0x000002549e4e2340 WorkerThread "GC Thread#1"                     [id=20032, stack(0x000000e72b800000,0x000000e72b900000) (1024K)]
  0x000002549e54e660 WorkerThread "GC Thread#2"                     [id=10980, stack(0x000000e72b900000,0x000000e72ba00000) (1024K)]
  0x000002549e58fa70 WorkerThread "GC Thread#3"                     [id=24016, stack(0x000000e72ba00000,0x000000e72bb00000) (1024K)]
  0x000002549e593e20 WorkerThread "GC Thread#4"                     [id=16876, stack(0x000000e72bb00000,0x000000e72bc00000) (1024K)]
  0x000002549e5941c0 WorkerThread "GC Thread#5"                     [id=15868, stack(0x000000e72bc00000,0x000000e72bd00000) (1024K)]
  0x000002549e91c9f0 WorkerThread "GC Thread#6"                     [id=12364, stack(0x000000e72bd00000,0x000000e72be00000) (1024K)]
  0x000002549ea8c980 WorkerThread "GC Thread#7"                     [id=22824, stack(0x000000e72be00000,0x000000e72bf00000) (1024K)]
  0x000002548280dd30 ConcurrentGCThread "G1 Main Marker"            [id=21416, stack(0x000000e72a800000,0x000000e72a900000) (1024K)]
  0x000002548280e830 WorkerThread "G1 Conc#0"                       [id=17320, stack(0x000000e72a900000,0x000000e72aa00000) (1024K)]
  0x000002549ea8c240 WorkerThread "G1 Conc#1"                       [id=21696, stack(0x000000e72bf00000,0x000000e72c000000) (1024K)]
  0x0000025499202570 ConcurrentGCThread "G1 Refine#0"               [id=6768, stack(0x000000e72aa00000,0x000000e72ab00000) (1024K)]
  0x0000025499202ff0 ConcurrentGCThread "G1 Service"                [id=23396, stack(0x000000e72ab00000,0x000000e72ac00000) (1024K)]
Total: 15

Threads with active compile tasks:
C2 CompilerThread0  103973 12975       4       org.jetbrains.kotlin.types.checker.NewKotlinTypeCheckerImpl::isSubtypeOf (48 bytes)
Total: 1

VM state: not at safepoint (normal execution)

VM Mutex/Monitor currently owned by a thread: None

Heap address: 0x00000000a2c00000, size: 1492 MB, Compressed Oops mode: 32-bit

CDS archive(s) not mapped
Compressed class space mapped at: 0x0000000100000000-0x0000000140000000, reserved size: 1073741824
Narrow klass base: 0x0000000000000000, Narrow klass shift: 3, Narrow klass range: 0x140000000

GC Precious Log:
 CardTable entry size: 512
 Card Set container configuration: InlinePtr #cards 5 size 8 Array Of Cards #cards 12 size 40 Howl #buckets 4 coarsen threshold 1843 Howl Bitmap #cards 512 size 80 coarsen threshold 460 Card regions per heap region 1 cards per card region 2048
 CPUs: 8 total, 8 available
 Memory: 5965M
 Large Page Support: Disabled
 NUMA Support: Disabled
 Compressed Oops: Enabled (32-bit)
 Heap Region Size: 1M
 Heap Min Capacity: 8M
 Heap Initial Capacity: 94M
 Heap Max Capacity: 1492M
 Pre-touch: Disabled
 Parallel Workers: 8
 Concurrent Workers: 2
 Concurrent Refinement Workers: 8
 Periodic GC: Disabled

Heap:
 garbage-first heap   total 230400K, used 142799K [0x00000000a2c00000, 0x0000000100000000)
  region size 1024K, 51 young (52224K), 5 survivors (5120K)
 Metaspace       used 61749K, committed 62464K, reserved 1114112K
  class space    used 6877K, committed 7232K, reserved 1048576K

Heap Regions: E=young(eden), S=young(survivor), O=old, HS=humongous(starts), HC=humongous(continues), CS=collection set, F=free, TAMS=top-at-mark-start, PB=parsable bottom
|   0|0x00000000a2c00000, 0x00000000a2d00000, 0x00000000a2d00000|100%|HS|  |TAMS 0x00000000a2c00000| PB 0x00000000a2c00000| Complete 
|   1|0x00000000a2d00000, 0x00000000a2e00000, 0x00000000a2e00000|100%|HC|  |TAMS 0x00000000a2d00000| PB 0x00000000a2d00000| Complete 
|   2|0x00000000a2e00000, 0x00000000a2f00000, 0x00000000a2f00000|100%|HC|  |TAMS 0x00000000a2e00000| PB 0x00000000a2e00000| Complete 
|   3|0x00000000a2f00000, 0x00000000a3000000, 0x00000000a3000000|100%|HC|  |TAMS 0x00000000a2f00000| PB 0x00000000a2f00000| Complete 
|   4|0x00000000a3000000, 0x00000000a3100000, 0x00000000a3100000|100%| O|  |TAMS 0x00000000a3000000| PB 0x00000000a3000000| Untracked 
|   5|0x00000000a3100000, 0x00000000a3200000, 0x00000000a3200000|100%| O|  |TAMS 0x00000000a3100000| PB 0x00000000a3100000| Untracked 
|   6|0x00000000a3200000, 0x00000000a3300000, 0x00000000a3300000|100%| O|  |TAMS 0x00000000a3200000| PB 0x00000000a3200000| Untracked 
|   7|0x00000000a3300000, 0x00000000a3400000, 0x00000000a3400000|100%| O|  |TAMS 0x00000000a3300000| PB 0x00000000a3300000| Untracked 
|   8|0x00000000a3400000, 0x00000000a3500000, 0x00000000a3500000|100%| O|  |TAMS 0x00000000a3400000| PB 0x00000000a3400000| Untracked 
|   9|0x00000000a3500000, 0x00000000a3600000, 0x00000000a3600000|100%| O|  |TAMS 0x00000000a3500000| PB 0x00000000a3500000| Untracked 
|  10|0x00000000a3600000, 0x00000000a3700000, 0x00000000a3700000|100%| O|  |TAMS 0x00000000a3600000| PB 0x00000000a3600000| Untracked 
|  11|0x00000000a3700000, 0x00000000a3800000, 0x00000000a3800000|100%| O|  |TAMS 0x00000000a3700000| PB 0x00000000a3700000| Untracked 
|  12|0x00000000a3800000, 0x00000000a3900000, 0x00000000a3900000|100%| O|  |TAMS 0x00000000a3800000| PB 0x00000000a3800000| Untracked 
|  13|0x00000000a3900000, 0x00000000a3a00000, 0x00000000a3a00000|100%| O|  |TAMS 0x00000000a3900000| PB 0x00000000a3900000| Untracked 
|  14|0x00000000a3a00000, 0x00000000a3b00000, 0x00000000a3b00000|100%| O|  |TAMS 0x00000000a3a00000| PB 0x00000000a3a00000| Untracked 
|  15|0x00000000a3b00000, 0x00000000a3c00000, 0x00000000a3c00000|100%| O|  |TAMS 0x00000000a3b00000| PB 0x00000000a3b00000| Untracked 
|  16|0x00000000a3c00000, 0x00000000a3d00000, 0x00000000a3d00000|100%| O|  |TAMS 0x00000000a3c00000| PB 0x00000000a3c00000| Untracked 
|  17|0x00000000a3d00000, 0x00000000a3e00000, 0x00000000a3e00000|100%| O|  |TAMS 0x00000000a3d00000| PB 0x00000000a3d00000| Untracked 
|  18|0x00000000a3e00000, 0x00000000a3f00000, 0x00000000a3f00000|100%| O|  |TAMS 0x00000000a3e00000| PB 0x00000000a3e00000| Untracked 
|  19|0x00000000a3f00000, 0x00000000a4000000, 0x00000000a4000000|100%| O|  |TAMS 0x00000000a3f00000| PB 0x00000000a3f00000| Untracked 
|  20|0x00000000a4000000, 0x00000000a4100000, 0x00000000a4100000|100%| O|  |TAMS 0x00000000a4000000| PB 0x00000000a4000000| Untracked 
|  21|0x00000000a4100000, 0x00000000a4200000, 0x00000000a4200000|100%| O|  |TAMS 0x00000000a4100000| PB 0x00000000a4100000| Untracked 
|  22|0x00000000a4200000, 0x00000000a4300000, 0x00000000a4300000|100%| O|  |TAMS 0x00000000a4200000| PB 0x00000000a4200000| Untracked 
|  23|0x00000000a4300000, 0x00000000a4400000, 0x00000000a4400000|100%| O|  |TAMS 0x00000000a4300000| PB 0x00000000a4300000| Untracked 
|  24|0x00000000a4400000, 0x00000000a4500000, 0x00000000a4500000|100%| O|  |TAMS 0x00000000a4400000| PB 0x00000000a4400000| Untracked 
|  25|0x00000000a4500000, 0x00000000a4600000, 0x00000000a4600000|100%| O|  |TAMS 0x00000000a4500000| PB 0x00000000a4500000| Untracked 
|  26|0x00000000a4600000, 0x00000000a4700000, 0x00000000a4700000|100%| O|  |TAMS 0x00000000a4600000| PB 0x00000000a4600000| Untracked 
|  27|0x00000000a4700000, 0x00000000a4800000, 0x00000000a4800000|100%| O|  |TAMS 0x00000000a4700000| PB 0x00000000a4700000| Untracked 
|  28|0x00000000a4800000, 0x00000000a4900000, 0x00000000a4900000|100%| O|  |TAMS 0x00000000a4800000| PB 0x00000000a4800000| Untracked 
|  29|0x00000000a4900000, 0x00000000a4a00000, 0x00000000a4a00000|100%| O|  |TAMS 0x00000000a4900000| PB 0x00000000a4900000| Untracked 
|  30|0x00000000a4a00000, 0x00000000a4b00000, 0x00000000a4b00000|100%|HS|  |TAMS 0x00000000a4a00000| PB 0x00000000a4a00000| Complete 
|  31|0x00000000a4b00000, 0x00000000a4c00000, 0x00000000a4c00000|100%|HC|  |TAMS 0x00000000a4b00000| PB 0x00000000a4b00000| Complete 
|  32|0x00000000a4c00000, 0x00000000a4d00000, 0x00000000a4d00000|100%| O|  |TAMS 0x00000000a4c00000| PB 0x00000000a4c00000| Untracked 
|  33|0x00000000a4d00000, 0x00000000a4e00000, 0x00000000a4e00000|100%| O|  |TAMS 0x00000000a4d00000| PB 0x00000000a4d00000| Untracked 
|  34|0x00000000a4e00000, 0x00000000a4f00000, 0x00000000a4f00000|100%| O|  |TAMS 0x00000000a4e00000| PB 0x00000000a4e00000| Untracked 
|  35|0x00000000a4f00000, 0x00000000a5000000, 0x00000000a5000000|100%| O|  |TAMS 0x00000000a4f00000| PB 0x00000000a4f00000| Untracked 
|  36|0x00000000a5000000, 0x00000000a5100000, 0x00000000a5100000|100%| O|  |TAMS 0x00000000a5000000| PB 0x00000000a5000000| Untracked 
|  37|0x00000000a5100000, 0x00000000a5200000, 0x00000000a5200000|100%| O|  |TAMS 0x00000000a5100000| PB 0x00000000a5100000| Untracked 
|  38|0x00000000a5200000, 0x00000000a5300000, 0x00000000a5300000|100%| O|  |TAMS 0x00000000a5200000| PB 0x00000000a5200000| Untracked 
|  39|0x00000000a5300000, 0x00000000a5400000, 0x00000000a5400000|100%| O|  |TAMS 0x00000000a5300000| PB 0x00000000a5300000| Untracked 
|  40|0x00000000a5400000, 0x00000000a5500000, 0x00000000a5500000|100%| O|  |TAMS 0x00000000a5400000| PB 0x00000000a5400000| Untracked 
|  41|0x00000000a5500000, 0x00000000a5600000, 0x00000000a5600000|100%| O|  |TAMS 0x00000000a5500000| PB 0x00000000a5500000| Untracked 
|  42|0x00000000a5600000, 0x00000000a5700000, 0x00000000a5700000|100%| O|  |TAMS 0x00000000a5600000| PB 0x00000000a5600000| Untracked 
|  43|0x00000000a5700000, 0x00000000a5800000, 0x00000000a5800000|100%| O|  |TAMS 0x00000000a5700000| PB 0x00000000a5700000| Untracked 
|  44|0x00000000a5800000, 0x00000000a5900000, 0x00000000a5900000|100%| O|  |TAMS 0x00000000a5800000| PB 0x00000000a5800000| Untracked 
|  45|0x00000000a5900000, 0x00000000a5a00000, 0x00000000a5a00000|100%| O|  |TAMS 0x00000000a5900000| PB 0x00000000a5900000| Untracked 
|  46|0x00000000a5a00000, 0x00000000a5b00000, 0x00000000a5b00000|100%| O|  |TAMS 0x00000000a5a00000| PB 0x00000000a5a00000| Untracked 
|  47|0x00000000a5b00000, 0x00000000a5c00000, 0x00000000a5c00000|100%| O|  |TAMS 0x00000000a5b00000| PB 0x00000000a5b00000| Untracked 
|  48|0x00000000a5c00000, 0x00000000a5d00000, 0x00000000a5d00000|100%| O|  |TAMS 0x00000000a5c00000| PB 0x00000000a5c00000| Untracked 
|  49|0x00000000a5d00000, 0x00000000a5e00000, 0x00000000a5e00000|100%| O|  |TAMS 0x00000000a5d00000| PB 0x00000000a5d00000| Untracked 
|  50|0x00000000a5e00000, 0x00000000a5f00000, 0x00000000a5f00000|100%| O|  |TAMS 0x00000000a5e00000| PB 0x00000000a5e00000| Untracked 
|  51|0x00000000a5f00000, 0x00000000a6000000, 0x00000000a6000000|100%| O|  |TAMS 0x00000000a5f00000| PB 0x00000000a5f00000| Untracked 
|  52|0x00000000a6000000, 0x00000000a6100000, 0x00000000a6100000|100%| O|  |TAMS 0x00000000a6000000| PB 0x00000000a6000000| Untracked 
|  53|0x00000000a6100000, 0x00000000a6200000, 0x00000000a6200000|100%| O|  |TAMS 0x00000000a6100000| PB 0x00000000a6100000| Untracked 
|  54|0x00000000a6200000, 0x00000000a6300000, 0x00000000a6300000|100%| O|  |TAMS 0x00000000a6200000| PB 0x00000000a6200000| Untracked 
|  55|0x00000000a6300000, 0x00000000a6400000, 0x00000000a6400000|100%| O|  |TAMS 0x00000000a6300000| PB 0x00000000a6300000| Untracked 
|  56|0x00000000a6400000, 0x00000000a6500000, 0x00000000a6500000|100%|HS|  |TAMS 0x00000000a6400000| PB 0x00000000a6400000| Complete 
|  57|0x00000000a6500000, 0x00000000a6600000, 0x00000000a6600000|100%|HC|  |TAMS 0x00000000a6500000| PB 0x00000000a6500000| Complete 
|  58|0x00000000a6600000, 0x00000000a6700000, 0x00000000a6700000|100%| O|  |TAMS 0x00000000a6600000| PB 0x00000000a6600000| Untracked 
|  59|0x00000000a6700000, 0x00000000a6800000, 0x00000000a6800000|100%| O|  |TAMS 0x00000000a6700000| PB 0x00000000a6700000| Untracked 
|  60|0x00000000a6800000, 0x00000000a6900000, 0x00000000a6900000|100%| O|  |TAMS 0x00000000a6800000| PB 0x00000000a6800000| Untracked 
|  61|0x00000000a6900000, 0x00000000a6a00000, 0x00000000a6a00000|100%| O|  |TAMS 0x00000000a6900000| PB 0x00000000a6900000| Untracked 
|  62|0x00000000a6a00000, 0x00000000a6b00000, 0x00000000a6b00000|100%| O|  |TAMS 0x00000000a6a00000| PB 0x00000000a6a00000| Untracked 
|  63|0x00000000a6b00000, 0x00000000a6c00000, 0x00000000a6c00000|100%| O|  |TAMS 0x00000000a6b00000| PB 0x00000000a6b00000| Untracked 
|  64|0x00000000a6c00000, 0x00000000a6d00000, 0x00000000a6d00000|100%| O|  |TAMS 0x00000000a6c00000| PB 0x00000000a6c00000| Untracked 
|  65|0x00000000a6d00000, 0x00000000a6e00000, 0x00000000a6e00000|100%| O|  |TAMS 0x00000000a6d00000| PB 0x00000000a6d00000| Untracked 
|  66|0x00000000a6e00000, 0x00000000a6f00000, 0x00000000a6f00000|100%| O|  |TAMS 0x00000000a6e00000| PB 0x00000000a6e00000| Untracked 
|  67|0x00000000a6f00000, 0x00000000a7000000, 0x00000000a7000000|100%| O|  |TAMS 0x00000000a6f00000| PB 0x00000000a6f00000| Untracked 
|  68|0x00000000a7000000, 0x00000000a7100000, 0x00000000a7100000|100%| O|  |TAMS 0x00000000a7000000| PB 0x00000000a7000000| Untracked 
|  69|0x00000000a7100000, 0x00000000a7200000, 0x00000000a7200000|100%| O|  |TAMS 0x00000000a7100000| PB 0x00000000a7100000| Untracked 
|  70|0x00000000a7200000, 0x00000000a7300000, 0x00000000a7300000|100%| O|  |TAMS 0x00000000a7200000| PB 0x00000000a7200000| Untracked 
|  71|0x00000000a7300000, 0x00000000a7400000, 0x00000000a7400000|100%| O|  |TAMS 0x00000000a7300000| PB 0x00000000a7300000| Untracked 
|  72|0x00000000a7400000, 0x00000000a7500000, 0x00000000a7500000|100%| O|  |TAMS 0x00000000a7400000| PB 0x00000000a7400000| Untracked 
|  73|0x00000000a7500000, 0x00000000a7600000, 0x00000000a7600000|100%| O|  |TAMS 0x00000000a7500000| PB 0x00000000a7500000| Untracked 
|  74|0x00000000a7600000, 0x00000000a7700000, 0x00000000a7700000|100%| O|  |TAMS 0x00000000a7600000| PB 0x00000000a7600000| Untracked 
|  75|0x00000000a7700000, 0x00000000a7800000, 0x00000000a7800000|100%| O|  |TAMS 0x00000000a7700000| PB 0x00000000a7700000| Untracked 
|  76|0x00000000a7800000, 0x00000000a7900000, 0x00000000a7900000|100%| O|  |TAMS 0x00000000a7800000| PB 0x00000000a7800000| Untracked 
|  77|0x00000000a7900000, 0x00000000a7a00000, 0x00000000a7a00000|100%| O|  |TAMS 0x00000000a7900000| PB 0x00000000a7900000| Untracked 
|  78|0x00000000a7a00000, 0x00000000a7b00000, 0x00000000a7b00000|100%|HS|  |TAMS 0x00000000a7a00000| PB 0x00000000a7a00000| Complete 
|  79|0x00000000a7b00000, 0x00000000a7c00000, 0x00000000a7c00000|100%|HC|  |TAMS 0x00000000a7b00000| PB 0x00000000a7b00000| Complete 
|  80|0x00000000a7c00000, 0x00000000a7d00000, 0x00000000a7d00000|100%| O|  |TAMS 0x00000000a7c00000| PB 0x00000000a7c00000| Untracked 
|  81|0x00000000a7d00000, 0x00000000a7e00000, 0x00000000a7e00000|100%| O|  |TAMS 0x00000000a7d00000| PB 0x00000000a7d00000| Untracked 
|  82|0x00000000a7e00000, 0x00000000a7f00000, 0x00000000a7f00000|100%| O|  |TAMS 0x00000000a7e00000| PB 0x00000000a7e00000| Untracked 
|  83|0x00000000a7f00000, 0x00000000a8000000, 0x00000000a8000000|100%| O|  |TAMS 0x00000000a7f00000| PB 0x00000000a7f00000| Untracked 
|  84|0x00000000a8000000, 0x00000000a8100000, 0x00000000a8100000|100%| O|  |TAMS 0x00000000a8000000| PB 0x00000000a8000000| Untracked 
|  85|0x00000000a8100000, 0x00000000a8200000, 0x00000000a8200000|100%| O|  |TAMS 0x00000000a8100000| PB 0x00000000a8100000| Untracked 
|  86|0x00000000a8200000, 0x00000000a8300000, 0x00000000a8300000|100%| O|  |TAMS 0x00000000a8200000| PB 0x00000000a8200000| Untracked 
|  87|0x00000000a8300000, 0x00000000a8400000, 0x00000000a8400000|100%| O|  |TAMS 0x00000000a8300000| PB 0x00000000a8300000| Untracked 
|  88|0x00000000a8400000, 0x00000000a8500000, 0x00000000a8500000|100%| O|  |TAMS 0x00000000a8400000| PB 0x00000000a8400000| Untracked 
|  89|0x00000000a8500000, 0x00000000a8595fe8, 0x00000000a8600000| 58%| O|  |TAMS 0x00000000a8500000| PB 0x00000000a8500000| Untracked 
|  90|0x00000000a8600000, 0x00000000a8600000, 0x00000000a8700000|  0%| F|  |TAMS 0x00000000a8600000| PB 0x00000000a8600000| Untracked 
|  91|0x00000000a8700000, 0x00000000a8700000, 0x00000000a8800000|  0%| F|  |TAMS 0x00000000a8700000| PB 0x00000000a8700000| Untracked 
|  92|0x00000000a8800000, 0x00000000a8800000, 0x00000000a8900000|  0%| F|  |TAMS 0x00000000a8800000| PB 0x00000000a8800000| Untracked 
|  93|0x00000000a8900000, 0x00000000a8900000, 0x00000000a8a00000|  0%| F|  |TAMS 0x00000000a8900000| PB 0x00000000a8900000| Untracked 
|  94|0x00000000a8a00000, 0x00000000a8a00000, 0x00000000a8b00000|  0%| F|  |TAMS 0x00000000a8a00000| PB 0x00000000a8a00000| Untracked 
|  95|0x00000000a8b00000, 0x00000000a8b00000, 0x00000000a8c00000|  0%| F|  |TAMS 0x00000000a8b00000| PB 0x00000000a8b00000| Untracked 
|  96|0x00000000a8c00000, 0x00000000a8c00000, 0x00000000a8d00000|  0%| F|  |TAMS 0x00000000a8c00000| PB 0x00000000a8c00000| Untracked 
|  97|0x00000000a8d00000, 0x00000000a8d00000, 0x00000000a8e00000|  0%| F|  |TAMS 0x00000000a8d00000| PB 0x00000000a8d00000| Untracked 
|  98|0x00000000a8e00000, 0x00000000a8e00000, 0x00000000a8f00000|  0%| F|  |TAMS 0x00000000a8e00000| PB 0x00000000a8e00000| Untracked 
|  99|0x00000000a8f00000, 0x00000000a8f00000, 0x00000000a9000000|  0%| F|  |TAMS 0x00000000a8f00000| PB 0x00000000a8f00000| Untracked 
| 100|0x00000000a9000000, 0x00000000a9000000, 0x00000000a9100000|  0%| F|  |TAMS 0x00000000a9000000| PB 0x00000000a9000000| Untracked 
| 101|0x00000000a9100000, 0x00000000a9100000, 0x00000000a9200000|  0%| F|  |TAMS 0x00000000a9100000| PB 0x00000000a9100000| Untracked 
| 102|0x00000000a9200000, 0x00000000a9200000, 0x00000000a9300000|  0%| F|  |TAMS 0x00000000a9200000| PB 0x00000000a9200000| Untracked 
| 103|0x00000000a9300000, 0x00000000a9300000, 0x00000000a9400000|  0%| F|  |TAMS 0x00000000a9300000| PB 0x00000000a9300000| Untracked 
| 104|0x00000000a9400000, 0x00000000a9400000, 0x00000000a9500000|  0%| F|  |TAMS 0x00000000a9400000| PB 0x00000000a9400000| Untracked 
| 105|0x00000000a9500000, 0x00000000a9500000, 0x00000000a9600000|  0%| F|  |TAMS 0x00000000a9500000| PB 0x00000000a9500000| Untracked 
| 106|0x00000000a9600000, 0x00000000a9600000, 0x00000000a9700000|  0%| F|  |TAMS 0x00000000a9600000| PB 0x00000000a9600000| Untracked 
| 107|0x00000000a9700000, 0x00000000a9700000, 0x00000000a9800000|  0%| F|  |TAMS 0x00000000a9700000| PB 0x00000000a9700000| Untracked 
| 108|0x00000000a9800000, 0x00000000a9800000, 0x00000000a9900000|  0%| F|  |TAMS 0x00000000a9800000| PB 0x00000000a9800000| Untracked 
| 109|0x00000000a9900000, 0x00000000a9900000, 0x00000000a9a00000|  0%| F|  |TAMS 0x00000000a9900000| PB 0x00000000a9900000| Untracked 
| 110|0x00000000a9a00000, 0x00000000a9a00000, 0x00000000a9b00000|  0%| F|  |TAMS 0x00000000a9a00000| PB 0x00000000a9a00000| Untracked 
| 111|0x00000000a9b00000, 0x00000000a9b00000, 0x00000000a9c00000|  0%| F|  |TAMS 0x00000000a9b00000| PB 0x00000000a9b00000| Untracked 
| 112|0x00000000a9c00000, 0x00000000a9c00000, 0x00000000a9d00000|  0%| F|  |TAMS 0x00000000a9c00000| PB 0x00000000a9c00000| Untracked 
| 113|0x00000000a9d00000, 0x00000000a9d00000, 0x00000000a9e00000|  0%| F|  |TAMS 0x00000000a9d00000| PB 0x00000000a9d00000| Untracked 
| 114|0x00000000a9e00000, 0x00000000a9e00000, 0x00000000a9f00000|  0%| F|  |TAMS 0x00000000a9e00000| PB 0x00000000a9e00000| Untracked 
| 115|0x00000000a9f00000, 0x00000000a9f00000, 0x00000000aa000000|  0%| F|  |TAMS 0x00000000a9f00000| PB 0x00000000a9f00000| Untracked 
| 116|0x00000000aa000000, 0x00000000aa000000, 0x00000000aa100000|  0%| F|  |TAMS 0x00000000aa000000| PB 0x00000000aa000000| Untracked 
| 117|0x00000000aa100000, 0x00000000aa100000, 0x00000000aa200000|  0%| F|  |TAMS 0x00000000aa100000| PB 0x00000000aa100000| Untracked 
| 118|0x00000000aa200000, 0x00000000aa200000, 0x00000000aa300000|  0%| F|  |TAMS 0x00000000aa200000| PB 0x00000000aa200000| Untracked 
| 119|0x00000000aa300000, 0x00000000aa300000, 0x00000000aa400000|  0%| F|  |TAMS 0x00000000aa300000| PB 0x00000000aa300000| Untracked 
| 120|0x00000000aa400000, 0x00000000aa400000, 0x00000000aa500000|  0%| F|  |TAMS 0x00000000aa400000| PB 0x00000000aa400000| Untracked 
| 121|0x00000000aa500000, 0x00000000aa500000, 0x00000000aa600000|  0%| F|  |TAMS 0x00000000aa500000| PB 0x00000000aa500000| Untracked 
| 122|0x00000000aa600000, 0x00000000aa600000, 0x00000000aa700000|  0%| F|  |TAMS 0x00000000aa600000| PB 0x00000000aa600000| Untracked 
| 123|0x00000000aa700000, 0x00000000aa700000, 0x00000000aa800000|  0%| F|  |TAMS 0x00000000aa700000| PB 0x00000000aa700000| Untracked 
| 124|0x00000000aa800000, 0x00000000aa800000, 0x00000000aa900000|  0%| F|  |TAMS 0x00000000aa800000| PB 0x00000000aa800000| Untracked 
| 125|0x00000000aa900000, 0x00000000aa900000, 0x00000000aaa00000|  0%| F|  |TAMS 0x00000000aa900000| PB 0x00000000aa900000| Untracked 
| 126|0x00000000aaa00000, 0x00000000aaa00000, 0x00000000aab00000|  0%| F|  |TAMS 0x00000000aaa00000| PB 0x00000000aaa00000| Untracked 
| 127|0x00000000aab00000, 0x00000000aab00000, 0x00000000aac00000|  0%| F|  |TAMS 0x00000000aab00000| PB 0x00000000aab00000| Untracked 
| 128|0x00000000aac00000, 0x00000000aac00000, 0x00000000aad00000|  0%| F|  |TAMS 0x00000000aac00000| PB 0x00000000aac00000| Untracked 
| 129|0x00000000aad00000, 0x00000000aad00000, 0x00000000aae00000|  0%| F|  |TAMS 0x00000000aad00000| PB 0x00000000aad00000| Untracked 
| 130|0x00000000aae00000, 0x00000000aae00000, 0x00000000aaf00000|  0%| F|  |TAMS 0x00000000aae00000| PB 0x00000000aae00000| Untracked 
| 131|0x00000000aaf00000, 0x00000000aaf00000, 0x00000000ab000000|  0%| F|  |TAMS 0x00000000aaf00000| PB 0x00000000aaf00000| Untracked 
| 132|0x00000000ab000000, 0x00000000ab000000, 0x00000000ab100000|  0%| F|  |TAMS 0x00000000ab000000| PB 0x00000000ab000000| Untracked 
| 133|0x00000000ab100000, 0x00000000ab100000, 0x00000000ab200000|  0%| F|  |TAMS 0x00000000ab100000| PB 0x00000000ab100000| Untracked 
| 134|0x00000000ab200000, 0x00000000ab200000, 0x00000000ab300000|  0%| F|  |TAMS 0x00000000ab200000| PB 0x00000000ab200000| Untracked 
| 135|0x00000000ab300000, 0x00000000ab300000, 0x00000000ab400000|  0%| F|  |TAMS 0x00000000ab300000| PB 0x00000000ab300000| Untracked 
| 136|0x00000000ab400000, 0x00000000ab400000, 0x00000000ab500000|  0%| F|  |TAMS 0x00000000ab400000| PB 0x00000000ab400000| Untracked 
| 137|0x00000000ab500000, 0x00000000ab500000, 0x00000000ab600000|  0%| F|  |TAMS 0x00000000ab500000| PB 0x00000000ab500000| Untracked 
| 138|0x00000000ab600000, 0x00000000ab600000, 0x00000000ab700000|  0%| F|  |TAMS 0x00000000ab600000| PB 0x00000000ab600000| Untracked 
| 139|0x00000000ab700000, 0x00000000ab700000, 0x00000000ab800000|  0%| F|  |TAMS 0x00000000ab700000| PB 0x00000000ab700000| Untracked 
| 140|0x00000000ab800000, 0x00000000ab800000, 0x00000000ab900000|  0%| F|  |TAMS 0x00000000ab800000| PB 0x00000000ab800000| Untracked 
| 141|0x00000000ab900000, 0x00000000ab900000, 0x00000000aba00000|  0%| F|  |TAMS 0x00000000ab900000| PB 0x00000000ab900000| Untracked 
| 142|0x00000000aba00000, 0x00000000aba00000, 0x00000000abb00000|  0%| F|  |TAMS 0x00000000aba00000| PB 0x00000000aba00000| Untracked 
| 143|0x00000000abb00000, 0x00000000abb00000, 0x00000000abc00000|  0%| F|  |TAMS 0x00000000abb00000| PB 0x00000000abb00000| Untracked 
| 144|0x00000000abc00000, 0x00000000abc00000, 0x00000000abd00000|  0%| F|  |TAMS 0x00000000abc00000| PB 0x00000000abc00000| Untracked 
| 145|0x00000000abd00000, 0x00000000abd00000, 0x00000000abe00000|  0%| F|  |TAMS 0x00000000abd00000| PB 0x00000000abd00000| Untracked 
| 146|0x00000000abe00000, 0x00000000abe00000, 0x00000000abf00000|  0%| F|  |TAMS 0x00000000abe00000| PB 0x00000000abe00000| Untracked 
| 147|0x00000000abf00000, 0x00000000abf00000, 0x00000000ac000000|  0%| F|  |TAMS 0x00000000abf00000| PB 0x00000000abf00000| Untracked 
| 148|0x00000000ac000000, 0x00000000ac000000, 0x00000000ac100000|  0%| F|  |TAMS 0x00000000ac000000| PB 0x00000000ac000000| Untracked 
| 149|0x00000000ac100000, 0x00000000ac100000, 0x00000000ac200000|  0%| F|  |TAMS 0x00000000ac100000| PB 0x00000000ac100000| Untracked 
| 150|0x00000000ac200000, 0x00000000ac200000, 0x00000000ac300000|  0%| F|  |TAMS 0x00000000ac200000| PB 0x00000000ac200000| Untracked 
| 151|0x00000000ac300000, 0x00000000ac300000, 0x00000000ac400000|  0%| F|  |TAMS 0x00000000ac300000| PB 0x00000000ac300000| Untracked 
| 152|0x00000000ac400000, 0x00000000ac400000, 0x00000000ac500000|  0%| F|  |TAMS 0x00000000ac400000| PB 0x00000000ac400000| Untracked 
| 153|0x00000000ac500000, 0x00000000ac500000, 0x00000000ac600000|  0%| F|  |TAMS 0x00000000ac500000| PB 0x00000000ac500000| Untracked 
| 154|0x00000000ac600000, 0x00000000ac600000, 0x00000000ac700000|  0%| F|  |TAMS 0x00000000ac600000| PB 0x00000000ac600000| Untracked 
| 155|0x00000000ac700000, 0x00000000ac700000, 0x00000000ac800000|  0%| F|  |TAMS 0x00000000ac700000| PB 0x00000000ac700000| Untracked 
| 156|0x00000000ac800000, 0x00000000ac800000, 0x00000000ac900000|  0%| F|  |TAMS 0x00000000ac800000| PB 0x00000000ac800000| Untracked 
| 157|0x00000000ac900000, 0x00000000ac900000, 0x00000000aca00000|  0%| F|  |TAMS 0x00000000ac900000| PB 0x00000000ac900000| Untracked 
| 158|0x00000000aca00000, 0x00000000aca00000, 0x00000000acb00000|  0%| F|  |TAMS 0x00000000aca00000| PB 0x00000000aca00000| Untracked 
| 159|0x00000000acb00000, 0x00000000acb00000, 0x00000000acc00000|  0%| F|  |TAMS 0x00000000acb00000| PB 0x00000000acb00000| Untracked 
| 160|0x00000000acc00000, 0x00000000acc00000, 0x00000000acd00000|  0%| F|  |TAMS 0x00000000acc00000| PB 0x00000000acc00000| Untracked 
| 161|0x00000000acd00000, 0x00000000acdddc20, 0x00000000ace00000| 86%| S|CS|TAMS 0x00000000acd00000| PB 0x00000000acd00000| Complete 
| 162|0x00000000ace00000, 0x00000000acf00000, 0x00000000acf00000|100%| S|CS|TAMS 0x00000000ace00000| PB 0x00000000ace00000| Complete 
| 163|0x00000000acf00000, 0x00000000ad000000, 0x00000000ad000000|100%| S|CS|TAMS 0x00000000acf00000| PB 0x00000000acf00000| Complete 
| 164|0x00000000ad000000, 0x00000000ad000000, 0x00000000ad100000|  0%| F|  |TAMS 0x00000000ad000000| PB 0x00000000ad000000| Untracked 
| 165|0x00000000ad100000, 0x00000000ad100000, 0x00000000ad200000|  0%| F|  |TAMS 0x00000000ad100000| PB 0x00000000ad100000| Untracked 
| 166|0x00000000ad200000, 0x00000000ad200000, 0x00000000ad300000|  0%| F|  |TAMS 0x00000000ad200000| PB 0x00000000ad200000| Untracked 
| 167|0x00000000ad300000, 0x00000000ad300000, 0x00000000ad400000|  0%| F|  |TAMS 0x00000000ad300000| PB 0x00000000ad300000| Untracked 
| 168|0x00000000ad400000, 0x00000000ad400000, 0x00000000ad500000|  0%| F|  |TAMS 0x00000000ad400000| PB 0x00000000ad400000| Untracked 
| 169|0x00000000ad500000, 0x00000000ad500000, 0x00000000ad600000|  0%| F|  |TAMS 0x00000000ad500000| PB 0x00000000ad500000| Untracked 
| 170|0x00000000ad600000, 0x00000000ad600000, 0x00000000ad700000|  0%| F|  |TAMS 0x00000000ad600000| PB 0x00000000ad600000| Untracked 
| 171|0x00000000ad700000, 0x00000000ad800000, 0x00000000ad800000|100%| S|CS|TAMS 0x00000000ad700000| PB 0x00000000ad700000| Complete 
| 172|0x00000000ad800000, 0x00000000ad900000, 0x00000000ad900000|100%| S|CS|TAMS 0x00000000ad800000| PB 0x00000000ad800000| Complete 
| 173|0x00000000ad900000, 0x00000000ad900000, 0x00000000ada00000|  0%| F|  |TAMS 0x00000000ad900000| PB 0x00000000ad900000| Untracked 
| 174|0x00000000ada00000, 0x00000000ada00000, 0x00000000adb00000|  0%| F|  |TAMS 0x00000000ada00000| PB 0x00000000ada00000| Untracked 
| 175|0x00000000adb00000, 0x00000000adb00000, 0x00000000adc00000|  0%| F|  |TAMS 0x00000000adb00000| PB 0x00000000adb00000| Untracked 
| 176|0x00000000adc00000, 0x00000000adc00000, 0x00000000add00000|  0%| F|  |TAMS 0x00000000adc00000| PB 0x00000000adc00000| Untracked 
| 177|0x00000000add00000, 0x00000000add00000, 0x00000000ade00000|  0%| F|  |TAMS 0x00000000add00000| PB 0x00000000add00000| Untracked 
| 178|0x00000000ade00000, 0x00000000ade00000, 0x00000000adf00000|  0%| F|  |TAMS 0x00000000ade00000| PB 0x00000000ade00000| Untracked 
| 179|0x00000000adf00000, 0x00000000ae000000, 0x00000000ae000000|100%| E|  |TAMS 0x00000000adf00000| PB 0x00000000adf00000| Complete 
| 180|0x00000000ae000000, 0x00000000ae100000, 0x00000000ae100000|100%| E|CS|TAMS 0x00000000ae000000| PB 0x00000000ae000000| Complete 
| 181|0x00000000ae100000, 0x00000000ae200000, 0x00000000ae200000|100%| E|CS|TAMS 0x00000000ae100000| PB 0x00000000ae100000| Complete 
| 182|0x00000000ae200000, 0x00000000ae300000, 0x00000000ae300000|100%| E|CS|TAMS 0x00000000ae200000| PB 0x00000000ae200000| Complete 
| 183|0x00000000ae300000, 0x00000000ae400000, 0x00000000ae400000|100%| E|CS|TAMS 0x00000000ae300000| PB 0x00000000ae300000| Complete 
| 184|0x00000000ae400000, 0x00000000ae500000, 0x00000000ae500000|100%| E|CS|TAMS 0x00000000ae400000| PB 0x00000000ae400000| Complete 
| 185|0x00000000ae500000, 0x00000000ae600000, 0x00000000ae600000|100%| E|CS|TAMS 0x00000000ae500000| PB 0x00000000ae500000| Complete 
| 186|0x00000000ae600000, 0x00000000ae700000, 0x00000000ae700000|100%| E|CS|TAMS 0x00000000ae600000| PB 0x00000000ae600000| Complete 
| 187|0x00000000ae700000, 0x00000000ae800000, 0x00000000ae800000|100%| E|CS|TAMS 0x00000000ae700000| PB 0x00000000ae700000| Complete 
| 188|0x00000000ae800000, 0x00000000ae900000, 0x00000000ae900000|100%| E|CS|TAMS 0x00000000ae800000| PB 0x00000000ae800000| Complete 
| 189|0x00000000ae900000, 0x00000000aea00000, 0x00000000aea00000|100%| E|CS|TAMS 0x00000000ae900000| PB 0x00000000ae900000| Complete 
| 190|0x00000000aea00000, 0x00000000aeb00000, 0x00000000aeb00000|100%| E|CS|TAMS 0x00000000aea00000| PB 0x00000000aea00000| Complete 
| 191|0x00000000aeb00000, 0x00000000aec00000, 0x00000000aec00000|100%| E|CS|TAMS 0x00000000aeb00000| PB 0x00000000aeb00000| Complete 
| 192|0x00000000aec00000, 0x00000000aed00000, 0x00000000aed00000|100%| E|CS|TAMS 0x00000000aec00000| PB 0x00000000aec00000| Complete 
| 193|0x00000000aed00000, 0x00000000aee00000, 0x00000000aee00000|100%| E|CS|TAMS 0x00000000aed00000| PB 0x00000000aed00000| Complete 
| 194|0x00000000aee00000, 0x00000000aef00000, 0x00000000aef00000|100%| E|CS|TAMS 0x00000000aee00000| PB 0x00000000aee00000| Complete 
| 195|0x00000000aef00000, 0x00000000af000000, 0x00000000af000000|100%| E|CS|TAMS 0x00000000aef00000| PB 0x00000000aef00000| Complete 
| 196|0x00000000af000000, 0x00000000af100000, 0x00000000af100000|100%| E|CS|TAMS 0x00000000af000000| PB 0x00000000af000000| Complete 
| 197|0x00000000af100000, 0x00000000af200000, 0x00000000af200000|100%| E|CS|TAMS 0x00000000af100000| PB 0x00000000af100000| Complete 
| 198|0x00000000af200000, 0x00000000af300000, 0x00000000af300000|100%| E|CS|TAMS 0x00000000af200000| PB 0x00000000af200000| Complete 
| 199|0x00000000af300000, 0x00000000af400000, 0x00000000af400000|100%| E|CS|TAMS 0x00000000af300000| PB 0x00000000af300000| Complete 
| 200|0x00000000af400000, 0x00000000af500000, 0x00000000af500000|100%| E|CS|TAMS 0x00000000af400000| PB 0x00000000af400000| Complete 
| 201|0x00000000af500000, 0x00000000af600000, 0x00000000af600000|100%| E|CS|TAMS 0x00000000af500000| PB 0x00000000af500000| Complete 
| 202|0x00000000af600000, 0x00000000af700000, 0x00000000af700000|100%| E|CS|TAMS 0x00000000af600000| PB 0x00000000af600000| Complete 
| 203|0x00000000af700000, 0x00000000af800000, 0x00000000af800000|100%| E|CS|TAMS 0x00000000af700000| PB 0x00000000af700000| Complete 
| 204|0x00000000af800000, 0x00000000af900000, 0x00000000af900000|100%| E|CS|TAMS 0x00000000af800000| PB 0x00000000af800000| Complete 
| 205|0x00000000af900000, 0x00000000afa00000, 0x00000000afa00000|100%| E|CS|TAMS 0x00000000af900000| PB 0x00000000af900000| Complete 
| 206|0x00000000afa00000, 0x00000000afb00000, 0x00000000afb00000|100%| E|CS|TAMS 0x00000000afa00000| PB 0x00000000afa00000| Complete 
| 207|0x00000000afb00000, 0x00000000afc00000, 0x00000000afc00000|100%| E|CS|TAMS 0x00000000afb00000| PB 0x00000000afb00000| Complete 
| 208|0x00000000afc00000, 0x00000000afd00000, 0x00000000afd00000|100%| E|CS|TAMS 0x00000000afc00000| PB 0x00000000afc00000| Complete 
| 209|0x00000000afd00000, 0x00000000afe00000, 0x00000000afe00000|100%| E|CS|TAMS 0x00000000afd00000| PB 0x00000000afd00000| Complete 
| 210|0x00000000afe00000, 0x00000000aff00000, 0x00000000aff00000|100%| E|CS|TAMS 0x00000000afe00000| PB 0x00000000afe00000| Complete 
| 211|0x00000000aff00000, 0x00000000b0000000, 0x00000000b0000000|100%| E|CS|TAMS 0x00000000aff00000| PB 0x00000000aff00000| Complete 
| 212|0x00000000b0000000, 0x00000000b0100000, 0x00000000b0100000|100%| E|CS|TAMS 0x00000000b0000000| PB 0x00000000b0000000| Complete 
| 213|0x00000000b0100000, 0x00000000b0200000, 0x00000000b0200000|100%| E|CS|TAMS 0x00000000b0100000| PB 0x00000000b0100000| Complete 
| 214|0x00000000b0200000, 0x00000000b0300000, 0x00000000b0300000|100%| E|CS|TAMS 0x00000000b0200000| PB 0x00000000b0200000| Complete 
| 215|0x00000000b0300000, 0x00000000b0400000, 0x00000000b0400000|100%| E|CS|TAMS 0x00000000b0300000| PB 0x00000000b0300000| Complete 
| 216|0x00000000b0400000, 0x00000000b0500000, 0x00000000b0500000|100%| E|CS|TAMS 0x00000000b0400000| PB 0x00000000b0400000| Complete 
| 217|0x00000000b0500000, 0x00000000b0600000, 0x00000000b0600000|100%| E|CS|TAMS 0x00000000b0500000| PB 0x00000000b0500000| Complete 
| 218|0x00000000b0600000, 0x00000000b0700000, 0x00000000b0700000|100%| E|CS|TAMS 0x00000000b0600000| PB 0x00000000b0600000| Complete 
| 219|0x00000000b0700000, 0x00000000b0800000, 0x00000000b0800000|100%| E|CS|TAMS 0x00000000b0700000| PB 0x00000000b0700000| Complete 
| 220|0x00000000b0800000, 0x00000000b0900000, 0x00000000b0900000|100%| E|CS|TAMS 0x00000000b0800000| PB 0x00000000b0800000| Complete 
| 221|0x00000000b0900000, 0x00000000b0a00000, 0x00000000b0a00000|100%| E|CS|TAMS 0x00000000b0900000| PB 0x00000000b0900000| Complete 
| 222|0x00000000b0a00000, 0x00000000b0b00000, 0x00000000b0b00000|100%| E|CS|TAMS 0x00000000b0a00000| PB 0x00000000b0a00000| Complete 
| 223|0x00000000b0b00000, 0x00000000b0c00000, 0x00000000b0c00000|100%| E|CS|TAMS 0x00000000b0b00000| PB 0x00000000b0b00000| Complete 
|1491|0x00000000fff00000, 0x0000000100000000, 0x0000000100000000|100%| E|CS|TAMS 0x00000000fff00000| PB 0x00000000fff00000| Complete 

Card table byte_map: [0x0000025494f00000,0x00000254951f0000] _byte_map_base: 0x00000254949ea000

Marking Bits: (CMBitMap*) 0x0000025482800c60
 Bits: [0x00000254951f0000, 0x0000025496940000)

Polling page: 0x0000025480560000

Metaspace:

Usage:
  Non-class:     53.59 MB used.
      Class:      6.72 MB used.
       Both:     60.30 MB used.

Virtual space:
  Non-class space:       64.00 MB reserved,      53.94 MB ( 84%) committed,  1 nodes.
      Class space:        1.00 GB reserved,       7.06 MB ( <1%) committed,  1 nodes.
             Both:        1.06 GB reserved,      61.00 MB (  6%) committed. 

Chunk freelists:
   Non-Class:  9.66 MB
       Class:  8.98 MB
        Both:  18.64 MB

MaxMetaspaceSize: unlimited
CompressedClassSpaceSize: 1.00 GB
Initial GC threshold: 21.00 MB
Current GC threshold: 88.75 MB
CDS: off
 - commit_granule_bytes: 65536.
 - commit_granule_words: 8192.
 - virtual_space_node_default_size: 8388608.
 - enlarge_chunks_in_place: 1.
 - use_allocation_guard: 0.


Internal statistics:

num_allocs_failed_limit: 3.
num_arena_births: 1226.
num_arena_deaths: 0.
num_vsnodes_births: 2.
num_vsnodes_deaths: 0.
num_space_committed: 974.
num_space_uncommitted: 0.
num_chunks_returned_to_freelist: 3.
num_chunks_taken_from_freelist: 3323.
num_chunk_merges: 3.
num_chunk_splits: 2487.
num_chunks_enlarged: 1914.
num_inconsistent_stats: 0.

CodeHeap 'non-profiled nmethods': size=120000Kb used=8470Kb max_used=8470Kb free=111529Kb
 bounds [0x000002548d3b0000, 0x000002548dc00000, 0x00000254948e0000]
CodeHeap 'profiled nmethods': size=120000Kb used=36914Kb max_used=36914Kb free=83085Kb
 bounds [0x00000254858e0000, 0x0000025487cf0000, 0x000002548ce10000]
CodeHeap 'non-nmethods': size=5760Kb used=1569Kb max_used=1621Kb free=4191Kb
 bounds [0x000002548ce10000, 0x000002548d080000, 0x000002548d3b0000]
CodeCache: size=245760Kb, used=46953Kb, max_used=47005Kb, free=198805Kb
 total_blobs=12416, nmethods=11786, adapters=532, full_count=0
Compilation: enabled, stopped_count=0, restarted_count=0

Compilation events (20 events):
Event: 103.428 Thread 0x00000254995d7910 12987       3       org.jetbrains.kotlin.resolve.calls.util.CallUtilKt::getCall (227 bytes)
Event: 103.431 Thread 0x00000254995d7910 nmethod 12987 0x0000025487ccdb90 code [0x0000025487cce240, 0x0000025487cd1e90]
Event: 103.471 Thread 0x00000254995d7910 12988       1       org.jetbrains.kotlin.resolve.calls.results.FlatSignature::getHasVarargs (5 bytes)
Event: 103.471 Thread 0x00000254995d7910 nmethod 12988 0x000002548dbf5710 code [0x000002548dbf58a0, 0x000002548dbf5970]
Event: 103.480 Thread 0x00000254995d7910 12989       2       org.jetbrains.org.objectweb.asm.ClassReader::readElementValue (1237 bytes)
Event: 103.485 Thread 0x00000254995d7910 nmethod 12989 0x0000025487cd2d90 code [0x0000025487cd3480, 0x0000025487cd5a20]
Event: 103.485 Thread 0x00000254995d7910 12990       3       org.jetbrains.kotlin.metadata.jvm.JvmProtoBuf$JvmPropertySignature::getSerializedSize (140 bytes)
Event: 103.486 Thread 0x00000254995d7910 nmethod 12990 0x0000025487cd6f90 code [0x0000025487cd72c0, 0x0000025487cd80f0]
Event: 103.496 Thread 0x00000254995d7910 12991       3       org.jetbrains.kotlin.serialization.deserialization.MemberDeserializer$getAnnotations$1::invoke (5 bytes)
Event: 103.496 Thread 0x00000254995d7910 nmethod 12991 0x0000025487cd8790 code [0x0000025487cd8940, 0x0000025487cd8a78]
Event: 103.496 Thread 0x00000254995d7910 12992       3       org.jetbrains.kotlin.serialization.deserialization.MemberDeserializer$getAnnotations$1::invoke (84 bytes)
Event: 103.497 Thread 0x00000254995d7910 nmethod 12992 0x0000025487cd8b10 code [0x0000025487cd8d20, 0x0000025487cd9240]
Event: 103.532 Thread 0x00000254995d7910 12993       3       org.jetbrains.kotlin.descriptors.impl.AnonymousFunctionDescriptor::<init> (49 bytes)
Event: 103.533 Thread 0x00000254995d7910 nmethod 12993 0x0000025487cd9490 code [0x0000025487cd9680, 0x0000025487cd99a0]
Event: 103.533 Thread 0x00000254995d7910 12994       3       org.jetbrains.kotlin.descriptors.impl.AnonymousFunctionDescriptor::<init> (66 bytes)
Event: 103.533 Thread 0x00000254995d7910 nmethod 12994 0x0000025487cd9b10 code [0x0000025487cd9d00, 0x0000025487cda080]
Event: 103.586 Thread 0x00000254995d7910 12995       3       org.jetbrains.kotlin.resolve.QualifiedExpressionResolveUtilKt::resolveQualifierReferenceTarget (284 bytes)
Event: 103.589 Thread 0x00000254995d7910 nmethod 12995 0x0000025487cda210 code [0x0000025487cda800, 0x0000025487cddcd8]
Event: 103.678 Thread 0x00000254995d7910 12996       3       org.jetbrains.kotlin.resolve.calls.smartcasts.DataFlowValueFactoryImpl::createDataFlowValue (223 bytes)
Event: 103.817 Thread 0x00000254995d7910 nmethod 12996 0x0000025487cde990 code [0x0000025487cdf300, 0x0000025487ce3f80]

GC Heap History (20 events):
Event: 38.478 GC heap before
{Heap before GC invocations=32 (full 0):
 garbage-first heap   total 83968K, used 74470K [0x00000000a2c00000, 0x0000000100000000)
  region size 1024K, 24 young (24576K), 4 survivors (4096K)
 Metaspace       used 51769K, committed 52416K, reserved 1114112K
  class space    used 6171K, committed 6464K, reserved 1048576K
}
Event: 38.588 GC heap after
{Heap after GC invocations=33 (full 0):
 garbage-first heap   total 83968K, used 57344K [0x00000000a2c00000, 0x0000000100000000)
  region size 1024K, 3 young (3072K), 3 survivors (3072K)
 Metaspace       used 51769K, committed 52416K, reserved 1114112K
  class space    used 6171K, committed 6464K, reserved 1048576K
}
Event: 45.103 GC heap before
{Heap before GC invocations=34 (full 0):
 garbage-first heap   total 96256K, used 74752K [0x00000000a2c00000, 0x0000000100000000)
  region size 1024K, 20 young (20480K), 3 survivors (3072K)
 Metaspace       used 52264K, committed 52928K, reserved 1114112K
  class space    used 6186K, committed 6528K, reserved 1048576K
}
Event: 45.118 GC heap after
{Heap after GC invocations=35 (full 0):
 garbage-first heap   total 96256K, used 60416K [0x00000000a2c00000, 0x0000000100000000)
  region size 1024K, 3 young (3072K), 3 survivors (3072K)
 Metaspace       used 52264K, committed 52928K, reserved 1114112K
  class space    used 6186K, committed 6528K, reserved 1048576K
}
Event: 48.850 GC heap before
{Heap before GC invocations=35 (full 0):
 garbage-first heap   total 96256K, used 86016K [0x00000000a2c00000, 0x0000000100000000)
  region size 1024K, 26 young (26624K), 3 survivors (3072K)
 Metaspace       used 52739K, committed 53376K, reserved 1114112K
  class space    used 6203K, committed 6528K, reserved 1048576K
}
Event: 48.872 GC heap after
{Heap after GC invocations=36 (full 0):
 garbage-first heap   total 96256K, used 65832K [0x00000000a2c00000, 0x0000000100000000)
  region size 1024K, 4 young (4096K), 4 survivors (4096K)
 Metaspace       used 52739K, committed 53376K, reserved 1114112K
  class space    used 6203K, committed 6528K, reserved 1048576K
}
Event: 52.092 GC heap before
{Heap before GC invocations=36 (full 0):
 garbage-first heap   total 96256K, used 85288K [0x00000000a2c00000, 0x0000000100000000)
  region size 1024K, 23 young (23552K), 4 survivors (4096K)
 Metaspace       used 53847K, committed 54528K, reserved 1114112K
  class space    used 6259K, committed 6592K, reserved 1048576K
}
Event: 52.134 GC heap after
{Heap after GC invocations=37 (full 0):
 garbage-first heap   total 96256K, used 69632K [0x00000000a2c00000, 0x0000000100000000)
  region size 1024K, 3 young (3072K), 3 survivors (3072K)
 Metaspace       used 53847K, committed 54528K, reserved 1114112K
  class space    used 6259K, committed 6592K, reserved 1048576K
}
Event: 54.315 GC heap before
{Heap before GC invocations=38 (full 0):
 garbage-first heap   total 116736K, used 86016K [0x00000000a2c00000, 0x0000000100000000)
  region size 1024K, 19 young (19456K), 3 survivors (3072K)
 Metaspace       used 54111K, committed 54784K, reserved 1114112K
  class space    used 6271K, committed 6592K, reserved 1048576K
}
Event: 54.524 GC heap after
{Heap after GC invocations=39 (full 0):
 garbage-first heap   total 116736K, used 73126K [0x00000000a2c00000, 0x0000000100000000)
  region size 1024K, 3 young (3072K), 3 survivors (3072K)
 Metaspace       used 54111K, committed 54784K, reserved 1114112K
  class space    used 6271K, committed 6592K, reserved 1048576K
}
Event: 59.167 GC heap before
{Heap before GC invocations=39 (full 0):
 garbage-first heap   total 116736K, used 100774K [0x00000000a2c00000, 0x0000000100000000)
  region size 1024K, 30 young (30720K), 3 survivors (3072K)
 Metaspace       used 56387K, committed 57024K, reserved 1114112K
  class space    used 6521K, committed 6848K, reserved 1048576K
}
Event: 59.236 GC heap after
{Heap after GC invocations=40 (full 0):
 garbage-first heap   total 230400K, used 76904K [0x00000000a2c00000, 0x0000000100000000)
  region size 1024K, 4 young (4096K), 4 survivors (4096K)
 Metaspace       used 56387K, committed 57024K, reserved 1114112K
  class space    used 6521K, committed 6848K, reserved 1048576K
}
Event: 65.169 GC heap before
{Heap before GC invocations=40 (full 0):
 garbage-first heap   total 230400K, used 103528K [0x00000000a2c00000, 0x0000000100000000)
  region size 1024K, 30 young (30720K), 4 survivors (4096K)
 Metaspace       used 58254K, committed 58944K, reserved 1114112K
  class space    used 6581K, committed 6912K, reserved 1048576K
}
Event: 65.182 GC heap after
{Heap after GC invocations=41 (full 0):
 garbage-first heap   total 230400K, used 79534K [0x00000000a2c00000, 0x0000000100000000)
  region size 1024K, 3 young (3072K), 3 survivors (3072K)
 Metaspace       used 58254K, committed 58944K, reserved 1114112K
  class space    used 6581K, committed 6912K, reserved 1048576K
}
Event: 75.617 GC heap before
{Heap before GC invocations=41 (full 0):
 garbage-first heap   total 230400K, used 120494K [0x00000000a2c00000, 0x0000000100000000)
  region size 1024K, 42 young (43008K), 3 survivors (3072K)
 Metaspace       used 59578K, committed 60288K, reserved 1114112K
  class space    used 6726K, committed 7040K, reserved 1048576K
}
Event: 75.647 GC heap after
{Heap after GC invocations=42 (full 0):
 garbage-first heap   total 230400K, used 84498K [0x00000000a2c00000, 0x0000000100000000)
  region size 1024K, 6 young (6144K), 6 survivors (6144K)
 Metaspace       used 59578K, committed 60288K, reserved 1114112K
  class space    used 6726K, committed 7040K, reserved 1048576K
}
Event: 83.092 GC heap before
{Heap before GC invocations=42 (full 0):
 garbage-first heap   total 230400K, used 135698K [0x00000000a2c00000, 0x0000000100000000)
  region size 1024K, 54 young (55296K), 6 survivors (6144K)
 Metaspace       used 60662K, committed 61312K, reserved 1114112K
  class space    used 6807K, committed 7104K, reserved 1048576K
}
Event: 83.145 GC heap after
{Heap after GC invocations=43 (full 0):
 garbage-first heap   total 230400K, used 91640K [0x00000000a2c00000, 0x0000000100000000)
  region size 1024K, 7 young (7168K), 7 survivors (7168K)
 Metaspace       used 60662K, committed 61312K, reserved 1114112K
  class space    used 6807K, committed 7104K, reserved 1048576K
}
Event: 92.287 GC heap before
{Heap before GC invocations=43 (full 0):
 garbage-first heap   total 230400K, used 144888K [0x00000000a2c00000, 0x0000000100000000)
  region size 1024K, 59 young (60416K), 7 survivors (7168K)
 Metaspace       used 61455K, committed 62144K, reserved 1114112K
  class space    used 6857K, committed 7168K, reserved 1048576K
}
Event: 92.333 GC heap after
{Heap after GC invocations=44 (full 0):
 garbage-first heap   total 230400K, used 96719K [0x00000000a2c00000, 0x0000000100000000)
  region size 1024K, 5 young (5120K), 5 survivors (5120K)
 Metaspace       used 61455K, committed 62144K, reserved 1114112K
  class space    used 6857K, committed 7168K, reserved 1048576K
}

Dll operation events (3 events):
Event: 0.074 Loaded shared library C:\Program Files\Android\Android Studio\jbr\bin\java.dll
Event: 0.100 Loaded shared library C:\Program Files\Android\Android Studio\jbr\bin\zip.dll
Event: 9.321 Loaded shared library C:\Program Files\Android\Android Studio\jbr\bin\verify.dll

Deoptimization events (20 events):
Event: 103.287 Thread 0x00000254827b97c0 Uncommon trap: trap_request=0xffffff45 fr.pc=0x000002548da9bb38 relative=0x00000000000001f8
Event: 103.287 Thread 0x00000254827b97c0 Uncommon trap: reason=unstable_if action=reinterpret pc=0x000002548da9bb38 method=org.jetbrains.kotlin.psi.KtPsiUtil.deparenthesizeOnce(Lorg/jetbrains/kotlin/psi/KtExpression;Z)Lorg/jetbrains/kotlin/psi/KtExpression; @ 55 c2
Event: 103.287 Thread 0x00000254827b97c0 DEOPT PACKING pc=0x000002548da9bb38 sp=0x000000e72a6f5fc0
Event: 103.287 Thread 0x00000254827b97c0 DEOPT UNPACKING pc=0x000002548ce646a2 sp=0x000000e72a6f5f50 mode 2
Event: 103.292 Thread 0x00000254827b97c0 Uncommon trap: trap_request=0xffffff45 fr.pc=0x000002548db8302c relative=0x00000000000026ec
Event: 103.292 Thread 0x00000254827b97c0 Uncommon trap: reason=unstable_if action=reinterpret pc=0x000002548db8302c method=org.jetbrains.kotlin.psi.KtPsiUtil.deparenthesizeOnce(Lorg/jetbrains/kotlin/psi/KtExpression;Z)Lorg/jetbrains/kotlin/psi/KtExpression; @ 55 c2
Event: 103.292 Thread 0x00000254827b97c0 DEOPT PACKING pc=0x000002548db8302c sp=0x000000e72a6f5860
Event: 103.292 Thread 0x00000254827b97c0 DEOPT UNPACKING pc=0x000002548ce646a2 sp=0x000000e72a6f5708 mode 2
Event: 103.292 Thread 0x00000254827b97c0 Uncommon trap: trap_request=0xffffff45 fr.pc=0x000002548db25ac8 relative=0x00000000000002c8
Event: 103.292 Thread 0x00000254827b97c0 Uncommon trap: reason=unstable_if action=reinterpret pc=0x000002548db25ac8 method=org.jetbrains.kotlin.resolve.calls.smartcasts.DataFlowValueFactoryImpl.isComplexExpression(Lorg/jetbrains/kotlin/psi/KtExpression;)Z @ 67 c2
Event: 103.292 Thread 0x00000254827b97c0 DEOPT PACKING pc=0x000002548db25ac8 sp=0x000000e72a6f5830
Event: 103.292 Thread 0x00000254827b97c0 DEOPT UNPACKING pc=0x000002548ce646a2 sp=0x000000e72a6f57c0 mode 2
Event: 103.292 Thread 0x00000254827b97c0 Uncommon trap: trap_request=0xffffff45 fr.pc=0x000002548da4f358 relative=0x00000000000003d8
Event: 103.292 Thread 0x00000254827b97c0 Uncommon trap: reason=unstable_if action=reinterpret pc=0x000002548da4f358 method=org.jetbrains.kotlin.psi.KtPsiUtil.deparenthesizeOnce(Lorg/jetbrains/kotlin/psi/KtExpression;Z)Lorg/jetbrains/kotlin/psi/KtExpression; @ 55 c2
Event: 103.292 Thread 0x00000254827b97c0 DEOPT PACKING pc=0x000002548da4f358 sp=0x000000e72a6f57c0
Event: 103.292 Thread 0x00000254827b97c0 DEOPT UNPACKING pc=0x000002548ce646a2 sp=0x000000e72a6f5688 mode 2
Event: 103.293 Thread 0x00000254827b97c0 Uncommon trap: trap_request=0xffffff45 fr.pc=0x000002548da3343c relative=0x0000000000001b1c
Event: 103.293 Thread 0x00000254827b97c0 Uncommon trap: reason=unstable_if action=reinterpret pc=0x000002548da3343c method=org.jetbrains.kotlin.psi.KtPsiUtil.deparenthesizeOnce(Lorg/jetbrains/kotlin/psi/KtExpression;Z)Lorg/jetbrains/kotlin/psi/KtExpression; @ 55 c2
Event: 103.293 Thread 0x00000254827b97c0 DEOPT PACKING pc=0x000002548da3343c sp=0x000000e72a6f5b50
Event: 103.293 Thread 0x00000254827b97c0 DEOPT UNPACKING pc=0x000002548ce646a2 sp=0x000000e72a6f59b0 mode 2

Classes loaded (20 events):
Event: 65.213 Loading class jdk/internal/math/FloatingDecimal
Event: 65.223 Loading class jdk/internal/math/FloatingDecimal done
Event: 65.224 Loading class jdk/internal/math/FloatingDecimal$ExceptionalBinaryToASCIIBuffer
Event: 65.225 Loading class jdk/internal/math/FloatingDecimal$BinaryToASCIIConverter
Event: 65.228 Loading class jdk/internal/math/FloatingDecimal$BinaryToASCIIConverter done
Event: 65.229 Loading class jdk/internal/math/FloatingDecimal$ExceptionalBinaryToASCIIBuffer done
Event: 65.229 Loading class jdk/internal/math/FloatingDecimal$BinaryToASCIIBuffer
Event: 65.232 Loading class jdk/internal/math/FloatingDecimal$BinaryToASCIIBuffer done
Event: 65.232 Loading class jdk/internal/math/FloatingDecimal$1
Event: 65.233 Loading class jdk/internal/math/FloatingDecimal$1 done
Event: 65.243 Loading class jdk/internal/math/FloatingDecimal$PreparedASCIIToBinaryBuffer
Event: 65.244 Loading class jdk/internal/math/FloatingDecimal$ASCIIToBinaryConverter
Event: 65.244 Loading class jdk/internal/math/FloatingDecimal$ASCIIToBinaryConverter done
Event: 65.244 Loading class jdk/internal/math/FloatingDecimal$PreparedASCIIToBinaryBuffer done
Event: 65.245 Loading class jdk/internal/math/FloatingDecimal$ASCIIToBinaryBuffer
Event: 65.246 Loading class jdk/internal/math/FloatingDecimal$ASCIIToBinaryBuffer done
Event: 81.218 Loading class java/util/Collections$CopiesList
Event: 81.235 Loading class java/util/Collections$CopiesList done
Event: 83.343 Loading class java/util/function/ToIntFunction
Event: 83.367 Loading class java/util/function/ToIntFunction done

Classes unloaded (0 events):
No events

Classes redefined (0 events):
No events

Internal exceptions (20 events):
Event: 23.017 Thread 0x00000254827b97c0 Implicit null exception at 0x000002548d42d0ef to 0x000002548d42d244
Event: 23.044 Thread 0x00000254827b97c0 Implicit null exception at 0x000002548d4a137e to 0x000002548d4a1478
Event: 23.894 Thread 0x00000254827b97c0 Implicit null exception at 0x000002548d41a1da to 0x000002548d41a2d8
Event: 24.092 Thread 0x00000254827b97c0 Exception <a 'java/lang/NoSuchMethodError'{0x00000000a523fda0}: 'java.lang.Object java.lang.invoke.DirectMethodHandle$Holder.newInvokeSpecial(java.lang.Object, java.lang.Object, java.lang.Object, int)'> (0x00000000a523fda0) 
thrown [s\src\hotspot\share\interpreter\linkResolver.cpp, line 784]
Event: 24.093 Thread 0x00000254827b97c0 Exception <a 'java/lang/NoSuchMethodError'{0x00000000a5243f20}: 'java.lang.Object java.lang.invoke.DirectMethodHandle$Holder.invokeSpecial(java.lang.Object, java.lang.Object, java.lang.Object, java.lang.Object, int)'> (0x00000000a5243f20) 
thrown [s\src\hotspot\share\interpreter\linkResolver.cpp, line 784]
Event: 24.095 Thread 0x00000254827b97c0 Exception <a 'java/lang/NoSuchMethodError'{0x00000000a5247668}: 'java.lang.Object java.lang.invoke.Invokers$Holder.linkToTargetMethod(java.lang.Object, java.lang.Object, int, java.lang.Object)'> (0x00000000a5247668) 
thrown [s\src\hotspot\share\interpreter\linkResolver.cpp, line 784]
Event: 26.411 Thread 0x00000254827b97c0 Implicit null exception at 0x000002548d5b4c43 to 0x000002548d5b5000
Event: 27.940 Thread 0x00000254827b97c0 Exception <a 'java/lang/NoSuchMethodError'{0x00000000a760a458}: 'java.lang.Object java.lang.invoke.DirectMethodHandle$Holder.newInvokeSpecial(java.lang.Object, int, java.lang.Object)'> (0x00000000a760a458) 
thrown [s\src\hotspot\share\interpreter\linkResolver.cpp, line 784]
Event: 27.942 Thread 0x00000254827b97c0 Exception <a 'java/lang/NoSuchMethodError'{0x00000000a76103e8}: 'int java.lang.invoke.DirectMethodHandle$Holder.invokeInterface(java.lang.Object, java.lang.Object)'> (0x00000000a76103e8) 
thrown [s\src\hotspot\share\interpreter\linkResolver.cpp, line 784]
Event: 37.947 Thread 0x00000254827b97c0 Implicit null exception at 0x000002548d65cd27 to 0x000002548d65d174
Event: 39.456 Thread 0x00000254827b97c0 Implicit null exception at 0x000002548d5c8f31 to 0x000002548d5c91a0
Event: 48.711 Thread 0x00000254827b97c0 Exception <a 'java/lang/NoSuchMethodError'{0x00000000a71be5b8}: 'java.lang.Object java.lang.invoke.DirectMethodHandle$Holder.invokeSpecial(java.lang.Object, java.lang.Object, java.lang.Object, java.lang.Object, java.lang.Object, java.lang.Object, int)'> (0x00000000a71be5b8) 
thrown [s\src\hotspot\share\interpreter\linkResolver.cpp, line 784]
Event: 53.265 Thread 0x00000254827b97c0 Implicit null exception at 0x000002548d4a5e36 to 0x000002548d4a60a4
Event: 53.268 Thread 0x00000254827b97c0 Implicit null exception at 0x000002548d5f3ebd to 0x000002548d5f3f39
Event: 56.094 Thread 0x00000254827b97c0 Implicit null exception at 0x000002548d7c400f to 0x000002548d7c457c
Event: 59.512 Thread 0x00000254827b97c0 Exception <a 'java/lang/IncompatibleClassChangeError'{0x00000000fffcabb8}: Found class java.lang.Object, but interface was expected> (0x00000000fffcabb8) 
thrown [s\src\hotspot\share\interpreter\linkResolver.cpp, line 851]
Event: 62.494 Thread 0x00000254827b97c0 Implicit null exception at 0x000002548d61fbb7 to 0x000002548d620140
Event: 66.029 Thread 0x00000254827b97c0 Implicit null exception at 0x000002548d8bf1e6 to 0x000002548d8bf8b4
Event: 75.840 Thread 0x00000254827b97c0 Exception <a 'java/lang/NoSuchMethodError'{0x00000000b0bd2140}: 'java.lang.Object java.lang.invoke.DirectMethodHandle$Holder.newInvokeSpecial(java.lang.Object, int, java.lang.Object, java.lang.Object)'> (0x00000000b0bd2140) 
thrown [s\src\hotspot\share\interpreter\linkResolver.cpp, line 784]
Event: 77.144 Thread 0x00000254827b97c0 Implicit null exception at 0x000002548d84b249 to 0x000002548d84b309

ZGC Phase Switch (0 events):
No events

VM Operations (20 events):
Event: 94.416 Executing VM operation: Cleanup
Event: 94.416 Executing VM operation: Cleanup done
Event: 95.427 Executing VM operation: Cleanup
Event: 95.428 Executing VM operation: Cleanup done
Event: 96.434 Executing VM operation: Cleanup
Event: 96.435 Executing VM operation: Cleanup done
Event: 97.449 Executing VM operation: Cleanup
Event: 97.450 Executing VM operation: Cleanup done
Event: 98.450 Executing VM operation: Cleanup
Event: 98.465 Executing VM operation: Cleanup done
Event: 99.474 Executing VM operation: Cleanup
Event: 99.490 Executing VM operation: Cleanup done
Event: 100.499 Executing VM operation: Cleanup
Event: 100.500 Executing VM operation: Cleanup done
Event: 101.504 Executing VM operation: Cleanup
Event: 101.506 Executing VM operation: Cleanup done
Event: 102.514 Executing VM operation: Cleanup
Event: 102.514 Executing VM operation: Cleanup done
Event: 103.522 Executing VM operation: Cleanup
Event: 103.523 Executing VM operation: Cleanup done

Memory protections (0 events):
No events

Nmethod flushes (20 events):
Event: 52.253 Thread 0x000002549939cc40 flushing  nmethod 0x0000025485f66910
Event: 52.253 Thread 0x000002549939cc40 flushing  nmethod 0x0000025485f72690
Event: 52.253 Thread 0x000002549939cc40 flushing  nmethod 0x0000025485f7b310
Event: 52.254 Thread 0x000002549939cc40 flushing  nmethod 0x0000025485f7cd10
Event: 52.254 Thread 0x000002549939cc40 flushing  nmethod 0x0000025485f7d090
Event: 52.254 Thread 0x000002549939cc40 flushing  nmethod 0x0000025485f7d610
Event: 52.254 Thread 0x000002549939cc40 flushing  nmethod 0x0000025485f7dd90
Event: 52.254 Thread 0x000002549939cc40 flushing  nmethod 0x0000025485f7e490
Event: 52.254 Thread 0x000002549939cc40 flushing  nmethod 0x0000025485f7f190
Event: 52.254 Thread 0x000002549939cc40 flushing  nmethod 0x0000025485f7ff10
Event: 52.254 Thread 0x000002549939cc40 flushing  nmethod 0x0000025485f94990
Event: 52.254 Thread 0x000002549939cc40 flushing  nmethod 0x0000025485f95390
Event: 52.254 Thread 0x000002549939cc40 flushing  nmethod 0x0000025485f9a710
Event: 52.254 Thread 0x000002549939cc40 flushing  nmethod 0x0000025485ff4210
Event: 52.254 Thread 0x000002549939cc40 flushing  nmethod 0x00000254861d5310
Event: 52.254 Thread 0x000002549939cc40 flushing  nmethod 0x00000254861dd410
Event: 52.254 Thread 0x000002549939cc40 flushing  nmethod 0x00000254861e8410
Event: 52.254 Thread 0x000002549939cc40 flushing  nmethod 0x0000025486231810
Event: 52.254 Thread 0x000002549939cc40 flushing  nmethod 0x0000025486270510
Event: 52.254 Thread 0x000002549939cc40 flushing  nmethod 0x000002548627d410

Events (15 events):
Event: 0.093 Thread 0x00000254827b97c0 Thread added: 0x00000254827b97c0
Event: 0.333 Thread 0x00000254827b97c0 Thread added: 0x0000025499535130
Event: 0.389 Thread 0x00000254827b97c0 Thread added: 0x00000254995434e0
Event: 0.390 Thread 0x00000254827b97c0 Thread added: 0x0000025499543f40
Event: 0.407 Thread 0x00000254827b97c0 Thread added: 0x000002549955a540
Event: 0.408 Thread 0x00000254827b97c0 Thread added: 0x000002549955afa0
Event: 0.408 Thread 0x00000254827b97c0 Thread added: 0x000002549955ba00
Event: 0.408 Thread 0x00000254827b97c0 Thread added: 0x000002549955c460
Event: 0.417 Thread 0x00000254827b97c0 Thread added: 0x0000025499565b20
Event: 0.439 Thread 0x00000254827b97c0 Thread added: 0x00000254995d7910
Event: 1.077 Thread 0x00000254827b97c0 Thread added: 0x0000025499714540
Event: 1.213 Loaded shared library C:\Program Files\Android\Android Studio\jbr\bin\net.dll
Event: 1.238 Loaded shared library C:\Program Files\Android\Android Studio\jbr\bin\nio.dll
Event: 1.452 Loaded shared library C:\Program Files\Android\Android Studio\jbr\bin\zip.dll
Event: 1.786 Loaded shared library C:\Program Files\Android\Android Studio\jbr\bin\jimage.dll


Dynamic libraries:
0x00007ff710ad0000 - 0x00007ff710ada000 	C:\Program Files\Android\Android Studio\jbr\bin\java.exe
0x00007fffdba80000 - 0x00007fffdbce8000 	C:\WINDOWS\SYSTEM32\ntdll.dll
0x00007fffda9e0000 - 0x00007fffdaaa9000 	C:\WINDOWS\System32\KERNEL32.DLL
0x00007fffd8670000 - 0x00007fffd8a61000 	C:\WINDOWS\System32\KERNELBASE.dll
0x00007fffd8520000 - 0x00007fffd866b000 	C:\WINDOWS\System32\ucrtbase.dll
0x00007fffa49a0000 - 0x00007fffa49b8000 	C:\Program Files\Android\Android Studio\jbr\bin\jli.dll
0x00007fffc2790000 - 0x00007fffc27ab000 	C:\Program Files\Android\Android Studio\jbr\bin\VCRUNTIME140.dll
0x00007fffda080000 - 0x00007fffda246000 	C:\WINDOWS\System32\USER32.dll
0x00007fffd9730000 - 0x00007fffd9757000 	C:\WINDOWS\System32\win32u.dll
0x00007fffdb390000 - 0x00007fffdb3bb000 	C:\WINDOWS\System32\GDI32.dll
0x00007fffd83f0000 - 0x00007fffd851b000 	C:\WINDOWS\System32\gdi32full.dll
0x00007fffd8bf0000 - 0x00007fffd8c93000 	C:\WINDOWS\System32\msvcp_win.dll
0x00007fffc4360000 - 0x00007fffc45f3000 	C:\WINDOWS\WinSxS\amd64_microsoft.windows.common-controls_6595b64144ccf1df_6.0.26100.7824_none_3e0870b2e3345462\COMCTL32.dll
0x00007fffd9fd0000 - 0x00007fffda079000 	C:\WINDOWS\System32\msvcrt.dll
0x00007fffdb130000 - 0x00007fffdb161000 	C:\WINDOWS\System32\IMM32.DLL
0x0000000076ff0000 - 0x0000000076ffc000 	C:\Program Files (x86)\360\Total Security\safemon\SafeWrapper.dll
0x00007fffdb560000 - 0x00007fffdb614000 	C:\WINDOWS\System32\ADVAPI32.dll
0x00007fffd9820000 - 0x00007fffd98c6000 	C:\WINDOWS\System32\sechost.dll
0x00007fffdb800000 - 0x00007fffdb918000 	C:\WINDOWS\System32\RPCRT4.dll
0x00007fff9d480000 - 0x00007fff9d52c000 	C:\Program Files (x86)\360\Total Security\safemon\libzdtp64.dll
0x00007fffda280000 - 0x00007fffda9d2000 	C:\WINDOWS\System32\SHELL32.dll
0x00007fffd8ca0000 - 0x00007fffd8e0a000 	C:\WINDOWS\System32\wintypes.dll
0x00007fffdaab0000 - 0x00007fffdae36000 	C:\WINDOWS\System32\combase.dll
0x00007fffdae40000 - 0x00007fffdaea7000 	C:\WINDOWS\System32\SHLWAPI.dll
0x00007fffd8ec0000 - 0x00007fffd9723000 	C:\WINDOWS\System32\Windows.Storage.dll
0x00007fffd7c80000 - 0x00007fffd7c8b000 	C:\WINDOWS\SYSTEM32\VERSION.dll
0x00007fffc97c0000 - 0x00007fffc97cc000 	C:\Program Files\Android\Android Studio\jbr\bin\vcruntime140_1.dll
0x00007fff7eae0000 - 0x00007fff7eb6d000 	C:\Program Files\Android\Android Studio\jbr\bin\msvcp140.dll
0x00007fff57690000 - 0x00007fff58326000 	C:\Program Files\Android\Android Studio\jbr\bin\server\jvm.dll
0x00007fffd9d60000 - 0x00007fffd9dd4000 	C:\WINDOWS\System32\WS2_32.dll
0x00007fffd81c0000 - 0x00007fffd821e000 	C:\WINDOWS\SYSTEM32\POWRPROF.dll
0x00007fffce250000 - 0x00007fffce285000 	C:\WINDOWS\SYSTEM32\WINMM.dll
0x00007fffd81a0000 - 0x00007fffd81b4000 	C:\WINDOWS\SYSTEM32\UMPDC.dll
0x00007fffd7050000 - 0x00007fffd706b000 	C:\WINDOWS\SYSTEM32\kernel.appcore.dll
0x00007fffc95c0000 - 0x00007fffc95ca000 	C:\Program Files\Android\Android Studio\jbr\bin\jimage.dll
0x00007fffd6480000 - 0x00007fffd66c2000 	C:\WINDOWS\SYSTEM32\DBGHELP.DLL
0x00007fffdaeb0000 - 0x00007fffdaf87000 	C:\WINDOWS\System32\OLEAUT32.dll
0x00007fffc0920000 - 0x00007fffc095b000 	C:\WINDOWS\SYSTEM32\dbgcore.DLL
0x00007fffd8e10000 - 0x00007fffd8eb5000 	C:\WINDOWS\System32\bcryptPrimitives.dll
0x00007fffacc20000 - 0x00007fffacc40000 	C:\Program Files\Android\Android Studio\jbr\bin\java.dll
0x00007fffacb90000 - 0x00007fffacba8000 	C:\Program Files\Android\Android Studio\jbr\bin\zip.dll
0x00007fffd9df0000 - 0x00007fffd9ee6000 	C:\WINDOWS\System32\SHCORE.dll
0x00007fffd8280000 - 0x00007fffd82a9000 	C:\WINDOWS\SYSTEM32\profapi.dll
0x00007fffc9350000 - 0x00007fffc9360000 	C:\Program Files\Android\Android Studio\jbr\bin\net.dll
0x00007fffce8b0000 - 0x00007fffce9d7000 	C:\WINDOWS\SYSTEM32\WINHTTP.dll
0x00007fffd75a0000 - 0x00007fffd760b000 	C:\WINDOWS\system32\mswsock.dll
0x00007fffabfb0000 - 0x00007fffabfc6000 	C:\Program Files\Android\Android Studio\jbr\bin\nio.dll
0x00007fffb2ca0000 - 0x00007fffb2cb0000 	C:\Program Files\Android\Android Studio\jbr\bin\verify.dll

JVMTI agents: none

dbghelp: loaded successfully - version: 4.0.5 - missing functions: none
symbol engine: initialized successfully - sym options: 0x614 - pdb path: .;C:\Program Files\Android\Android Studio\jbr\bin;C:\WINDOWS\SYSTEM32;C:\WINDOWS\WinSxS\amd64_microsoft.windows.common-controls_6595b64144ccf1df_6.0.26100.7824_none_3e0870b2e3345462;C:\Program Files (x86)\360\Total Security\safemon;C:\Program Files\Android\Android Studio\jbr\bin\server

VM Arguments:
java_command: org.jetbrains.kotlin.cli.jvm.K2JVMCompiler @C:\Users\mahav\connect-f\app\build\20260221_18040650667729716877.compiler.options
java_class_path (initial): C:\Users\mahav\.gradle\caches\modules-2\files-2.1\org.jetbrains.kotlin\kotlin-compiler-embeddable\1.9.22\9cd4dc7773cf2a99ecd961a88fbbc9a2da3fb5e1\kotlin-compiler-embeddable-1.9.22.jar;C:\Users\mahav\.gradle\caches\modules-2\files-2.1\org.jetbrains.kotlin\kotlin-stdlib\1.9.22\d6c44cd08d8f3f9bece8101216dbe6553365c6e3\kotlin-stdlib-1.9.22.jar;C:\Users\mahav\.gradle\caches\modules-2\files-2.1\org.jetbrains.kotlin\kotlin-script-runtime\1.9.22\f8139a46fc677ec9badc49ae954392f4f5e7e7c7\kotlin-script-runtime-1.9.22.jar;C:\Users\mahav\.gradle\caches\modules-2\files-2.1\org.jetbrains.kotlin\kotlin-reflect\1.6.10\1cbe9c92c12a94eea200d23c2bbaedaf3daf5132\kotlin-reflect-1.6.10.jar;C:\Users\mahav\.gradle\caches\modules-2\files-2.1\org.jetbrains.kotlin\kotlin-daemon-embeddable\1.9.22\20e2c5df715f3240c765cfc222530e2796542021\kotlin-daemon-embeddable-1.9.22.jar;C:\Users\mahav\.gradle\caches\modules-2\files-2.1\org.jetbrains.intellij.deps\trove4j\1.0.20200330\3afb14d5f9ceb459d724e907a21145e8ff394f02\trove4j-1.0.20200330.jar;C:\Users\mahav\.gradle\caches\modules-2\files-2.1\org.jetbrains\annotations\13.0\919f0dfe192fb4e063e7dacadee7f8bb9a2672a9\annotations-13.0.jar
Launcher Type: SUN_STANDARD

[Global flags]
     intx CICompilerCount                          = 4                                         {product} {ergonomic}
     uint ConcGCThreads                            = 2                                         {product} {ergonomic}
     uint G1ConcRefinementThreads                  = 8                                         {product} {ergonomic}
   size_t G1HeapRegionSize                         = 1048576                                   {product} {ergonomic}
    uintx GCDrainStackTargetSize                   = 64                                        {product} {ergonomic}
   size_t InitialHeapSize                          = 98566144                                  {product} {ergonomic}
   size_t MarkStackSize                            = 4194304                                   {product} {ergonomic}
   size_t MaxHeapSize                              = 1564475392                                {product} {ergonomic}
   size_t MaxNewSize                               = 938475520                                 {product} {ergonomic}
   size_t MinHeapDeltaBytes                        = 1048576                                   {product} {ergonomic}
   size_t MinHeapSize                              = 8388608                                   {product} {ergonomic}
    uintx NonNMethodCodeHeapSize                   = 5839372                                {pd product} {ergonomic}
    uintx NonProfiledCodeHeapSize                  = 122909434                              {pd product} {ergonomic}
    uintx ProfiledCodeHeapSize                     = 122909434                              {pd product} {ergonomic}
    uintx ReservedCodeCacheSize                    = 251658240                              {pd product} {ergonomic}
     bool SegmentedCodeCache                       = true                                      {product} {ergonomic}
   size_t SoftMaxHeapSize                          = 1564475392                             {manageable} {ergonomic}
     bool UseCompressedOops                        = true                           {product lp64_product} {ergonomic}
     bool UseG1GC                                  = true                                      {product} {ergonomic}
     bool UseLargePagesIndividualAllocation        = false                                  {pd product} {ergonomic}

Logging:
Log output configuration:
 #0: stdout all=warning uptime,level,tags foldmultilines=false
 #1: stderr all=off uptime,level,tags foldmultilines=false

Environment Variables:
JAVA_HOME=C:\Program Files\Eclipse Adoptium\jdk-17.0.16.8-hotspot\
PATH=C:\Program Files\Eclipse Adoptium\jdk-17.0.16.8-hotspot\bin;C:\Windows\system32;C:\Windows;C:\Windows\System32\Wbem;C:\Windows\System32\WindowsPowerShell\v1.0\;C:\Windows\System32\OpenSSH\;C:\ProgramData\chocolatey\bin;C:\Program Files\Git\cmd;c:\Users\mahav\AppData\Local\Programs\cursor\resources\app\bin;C:\WINDOWS\system32;C:\WINDOWS;C:\WINDOWS\System32\Wbem;C:\WINDOWS\System32\WindowsPowerShell\v1.0\;C:\WINDOWS\System32\OpenSSH\;C:\Program Files\nodejs\;C:\Users\mahav\AppData\Local\Android\Sdk\platform-tools;C:\Users\mahav\AppData\Local\Programs\Python\Python312\Scripts\;C:\Users\mahav\AppData\Local\Programs\Python\Python312\;C:\Users\mahav\AppData\Local\Programs\Python\Python311\Scripts\;C:\Users\mahav\AppData\Local\Programs\Python\Python311\;C:\Program Files\MySQL\MySQL Shell 8.0\bin\;C:\Users\mahav\AppData\Local\Programs\Python\Python313\Scripts\;C:\Users\mahav\AppData\Local\Programs\Python\Python313\;C:\Users\mahav\AppData\Local\Programs\Python\Launcher\;C:\Users\mahav\AppData\Local\Microsoft\WindowsApps;C:\Users\mahav\AppData\Local\Programs\Microsoft VS Code\bin;C:\msys64\ucrt64\bin;;C:\Program Files\JetBrains\IntelliJ IDEA Community Edition 2024.3.4.1\bin;;C:\Users\mahav\AppData\Local\Programs\cursor\resources\app\bin;C:\Users\mahav\AppData\Local\Programs\Qoder\bin;C:\Users\mahav\AppData\Roaming\npm;C:\Users\mahav\AppData\Local\Programs\Antigravity\bin
USERNAME=mahav
OS=Windows_NT
PROCESSOR_IDENTIFIER=AMD64 Family 23 Model 160 Stepping 0, AuthenticAMD
TMP=C:\Users\mahav\AppData\Local\Temp
TEMP=C:\Users\mahav\AppData\Local\Temp




Periodic native trim disabled

JNI global refs:
JNI global refs: 11, weak refs: 4

JNI global refs memory usage: 835, weak refs: 833

Process memory usage:
Resident Set Size: 124896K (2% of 6108668K total physical memory with 18124K free physical memory)

OOME stack traces (most recent first):
Classloader memory used:
Loader jdk.internal.loader.ClassLoaders$AppClassLoader                                 : 48441K
Loader bootstrap                                                                       : 12834K
Loader java.net.URLClassLoader                                                         : 473K

---------------  S Y S T E M  ---------------

OS:
 Windows 11 , 64 bit Build 26100 (10.0.26100.7705)
OS uptime: 0 days 9:19 hours
Hyper-V role detected

CPU: total 8 (initial active 8) (8 cores per cpu, 2 threads per core) family 23 model 160 stepping 0 microcode 0x8a00009, cx8, cmov, fxsr, ht, mmx, 3dnowpref, sse, sse2, sse3, ssse3, sse4a, sse4.1, sse4.2, popcnt, lzcnt, tsc, tscinvbit, avx, avx2, aes, clmul, bmi1, bmi2, adx, sha, fma, vzeroupper, clflush, clflushopt, hv, rdtscp, rdpid, f16c
Processor Information for the first 8 processors :
  Max Mhz: 2401, Current Mhz: 2401, Mhz Limit: 2401

Memory: 4k page, system-wide physical 5965M (16M free)
TotalPageFile size 24397M (AvailPageFile size 21M)
current process WorkingSet (physical memory assigned to process): 131M, peak: 218M
current process commit charge ("private bytes"): 459M, peak: 465M

vm_info: OpenJDK 64-Bit Server VM (21.0.8+-14196175-b1038.72) for windows-amd64 JRE (21.0.8+-14196175-b1038.72), built on 2025-10-01T10:24:33Z by "builder" with MS VC++ 16.10 / 16.11 (VS2019)

END.
